2025-08-13 19:00:38,583 - batch_20250813_190038_a167e00c - INFO - Iniciando Professional Batch Runner
2025-08-13 19:00:38,583 - batch_20250813_190038_a167e00c - INFO - Batch ID: 20250813_190038_a167e00c
2025-08-13 19:00:38,583 - batch_20250813_190038_a167e00c - INFO - Directorio: outputs\batch_runs\20250813_190038_a167e00c
2025-08-13 19:00:38,583 - batch_20250813_190038_a167e00c - INFO - INICIANDO BATCH RUN PROFESIONAL
2025-08-13 19:00:38,583 - batch_20250813_190038_a167e00c - INFO - ================================================================================
2025-08-13 19:00:38,583 - batch_20250813_190038_a167e00c - INFO - Configuración del Batch:
2025-08-13 19:00:38,594 - batch_20250813_190038_a167e00c - INFO -    • Número de runs: 3
2025-08-13 19:00:38,594 - batch_20250813_190038_a167e00c - INFO -    • Tipos de SN: ['Ia']
2025-08-13 19:00:38,594 - batch_20250813_190038_a167e00c - INFO -    • Distribución SN: {'Ia': 1.0}
2025-08-13 19:00:38,594 - batch_20250813_190038_a167e00c - INFO -    • Rango redshift: (0.01, 0.2)
2025-08-13 19:00:38,597 - batch_20250813_190038_a167e00c - INFO -    • Rango extinción: N/A
2025-08-13 19:00:38,597 - batch_20250813_190038_a167e00c - INFO -    • Volume weighted: True
2025-08-13 19:00:38,598 - batch_20250813_190038_a167e00c - INFO -    • Surveys: ['ZTF']
2025-08-13 19:00:38,599 - batch_20250813_190038_a167e00c - INFO -    • Semilla base: 42
2025-08-13 19:00:38,600 - batch_20250813_190038_a167e00c - INFO -    • Batch ID: 20250813_190038_a167e00c
2025-08-13 19:00:38,601 - batch_20250813_190038_a167e00c - INFO - ================================================================================
2025-08-13 19:00:38,604 - batch_20250813_190038_a167e00c - INFO - DEBUG - Run 1: volume_weighted=True, z_sampled=0.190636
2025-08-13 19:00:40,248 - batch_20250813_190038_a167e00c - INFO - ============================================================
2025-08-13 19:00:40,249 - batch_20250813_190038_a167e00c - INFO - ITERACIÓN iter_0001_of_0003 (1/3)
2025-08-13 19:00:40,250 - batch_20250813_190038_a167e00c - INFO - SN: Ia SN2005hk
2025-08-13 19:00:40,250 - batch_20250813_190038_a167e00c - INFO - z=0.1906, E(B-V)_host=0.118, E(B-V)_MW=0.067
2025-08-13 19:00:40,252 - batch_20250813_190038_a167e00c - INFO - Survey: ZTF, Seed: 42
2025-08-13 19:00:40,253 - batch_20250813_190038_a167e00c - INFO - ------------------------------------------------------------
2025-08-13 19:00:47,227 - batch_20250813_190038_a167e00c - INFO - COMPLETADA ITERACIÓN iter_0001_of_0003 en 6.77s
2025-08-13 19:00:47,227 - batch_20250813_190038_a167e00c - INFO - ============================================================
2025-08-13 19:00:47,227 - batch_20250813_190038_a167e00c - INFO - DEBUG - Run 2: volume_weighted=True, z_sampled=0.125723
2025-08-13 19:00:47,237 - batch_20250813_190038_a167e00c - INFO - ============================================================
2025-08-13 19:00:47,246 - batch_20250813_190038_a167e00c - INFO - ITERACIÓN iter_0002_of_0003 (2/3)
2025-08-13 19:00:47,246 - batch_20250813_190038_a167e00c - INFO - SN: Ia SN1994D
2025-08-13 19:00:47,247 - batch_20250813_190038_a167e00c - INFO - z=0.1257, E(B-V)_host=0.036, E(B-V)_MW=0.150
2025-08-13 19:00:47,249 - batch_20250813_190038_a167e00c - INFO - Survey: ZTF, Seed: 43
2025-08-13 19:00:47,249 - batch_20250813_190038_a167e00c - INFO - ------------------------------------------------------------
2025-08-13 19:00:53,075 - batch_20250813_190038_a167e00c - INFO - COMPLETADA ITERACIÓN iter_0002_of_0003 en 5.62s
2025-08-13 19:00:53,075 - batch_20250813_190038_a167e00c - INFO - ============================================================
2025-08-13 19:00:53,075 - batch_20250813_190038_a167e00c - INFO - DEBUG - Run 3: volume_weighted=True, z_sampled=0.125755
2025-08-13 19:00:53,095 - batch_20250813_190038_a167e00c - INFO - ============================================================
2025-08-13 19:00:53,097 - batch_20250813_190038_a167e00c - INFO - ITERACIÓN iter_0003_of_0003 (3/3)
2025-08-13 19:00:53,097 - batch_20250813_190038_a167e00c - INFO - SN: Ia SN1998dh
2025-08-13 19:00:53,098 - batch_20250813_190038_a167e00c - INFO - z=0.1258, E(B-V)_host=0.068, E(B-V)_MW=0.138
2025-08-13 19:00:53,099 - batch_20250813_190038_a167e00c - INFO - Survey: ZTF, Seed: 44
2025-08-13 19:00:53,100 - batch_20250813_190038_a167e00c - INFO - ------------------------------------------------------------
2025-08-13 19:00:59,229 - batch_20250813_190038_a167e00c - INFO - COMPLETADA ITERACIÓN iter_0003_of_0003 en 5.90s
2025-08-13 19:00:59,233 - batch_20250813_190038_a167e00c - INFO - ============================================================
2025-08-13 19:00:59,233 - batch_20250813_190038_a167e00c - INFO - PROGRESO INTERMEDIO
2025-08-13 19:00:59,233 - batch_20250813_190038_a167e00c - INFO -    Procesados: 3/3 (100.0%)
2025-08-13 19:00:59,233 - batch_20250813_190038_a167e00c - INFO -    Exitosos: 3 | Fallidos: 0
2025-08-13 19:00:59,233 - batch_20250813_190038_a167e00c - INFO -    Tiempo promedio: 6.10s | ETA: 0.0min
2025-08-13 19:00:59,233 - batch_20250813_190038_a167e00c - INFO - ----------------------------------------
2025-08-13 19:00:59,354 - batch_20250813_190038_a167e00c - WARNING - No se pudo generar visualización de configuración: 'SimpleConfig' object has no attribute 'get'
2025-08-13 19:00:59,380 - batch_20250813_190038_a167e00c - INFO - Resultados guardados en: outputs\batch_runs\20250813_190038_a167e00c
2025-08-13 19:00:59,380 - batch_20250813_190038_a167e00c - INFO - Metadata: outputs\batch_runs\20250813_190038_a167e00c\batch_metadata.json
2025-08-13 19:00:59,380 - batch_20250813_190038_a167e00c - INFO - BATCH COMPLETADO
2025-08-13 19:00:59,380 - batch_20250813_190038_a167e00c - INFO - ================================================================================
2025-08-13 19:00:59,380 - batch_20250813_190038_a167e00c - INFO - RESUMEN FINAL:
2025-08-13 19:00:59,380 - batch_20250813_190038_a167e00c - INFO -    • Runs exitosos: 3
2025-08-13 19:00:59,380 - batch_20250813_190038_a167e00c - INFO -    • Runs fallidos: 0
2025-08-13 19:00:59,390 - batch_20250813_190038_a167e00c - INFO -    • Tasa de éxito: 100.0%
2025-08-13 19:00:59,390 - batch_20250813_190038_a167e00c - INFO -    • Duración total: 0.3 minutes
2025-08-13 19:00:59,391 - batch_20250813_190038_a167e00c - INFO -    • Tiempo promedio por run: 6.10s
2025-08-13 19:00:59,392 - batch_20250813_190038_a167e00c - INFO -    • Resultados guardados en: outputs\batch_runs\20250813_190038_a167e00c
2025-08-13 19:00:59,392 - batch_20250813_190038_a167e00c - INFO - ================================================================================
