2025-08-13 19:09:30,261 - batch_20250813_190930_b628f122 - INFO - Iniciando Professional Batch Runner
2025-08-13 19:09:30,266 - batch_20250813_190930_b628f122 - INFO - Batch ID: 20250813_190930_b628f122
2025-08-13 19:09:30,266 - batch_20250813_190930_b628f122 - INFO - Directorio: outputs\batch_runs\20250813_190930_b628f122
2025-08-13 19:09:30,266 - batch_20250813_190930_b628f122 - INFO - INICIANDO BATCH RUN PROFESIONAL
2025-08-13 19:09:30,266 - batch_20250813_190930_b628f122 - INFO - ================================================================================
2025-08-13 19:09:30,266 - batch_20250813_190930_b628f122 - INFO - Configuración del Batch:
2025-08-13 19:09:30,276 - batch_20250813_190930_b628f122 - INFO -    • Número de runs: 2
2025-08-13 19:09:30,277 - batch_20250813_190930_b628f122 - INFO -    • Tipos de SN: ['Ia']
2025-08-13 19:09:30,277 - batch_20250813_190930_b628f122 - INFO -    • Distribución SN: {'Ia': 1.0}
2025-08-13 19:09:30,277 - batch_20250813_190930_b628f122 - INFO -    • Rango redshift: (0.01, 0.2)
2025-08-13 19:09:30,278 - batch_20250813_190930_b628f122 - INFO -    • Rango extinción: N/A
2025-08-13 19:09:30,279 - batch_20250813_190930_b628f122 - INFO -    • Volume weighted: True
2025-08-13 19:09:30,280 - batch_20250813_190930_b628f122 - INFO -    • Surveys: ['ZTF']
2025-08-13 19:09:30,280 - batch_20250813_190930_b628f122 - INFO -    • Semilla base: 42
2025-08-13 19:09:30,280 - batch_20250813_190930_b628f122 - INFO -    • Batch ID: 20250813_190930_b628f122
2025-08-13 19:09:30,282 - batch_20250813_190930_b628f122 - INFO - ================================================================================
2025-08-13 19:09:30,283 - batch_20250813_190930_b628f122 - INFO - DEBUG - Run 1: volume_weighted=True, z_sampled=0.190636
2025-08-13 19:09:31,880 - batch_20250813_190930_b628f122 - INFO - ============================================================
2025-08-13 19:09:31,881 - batch_20250813_190930_b628f122 - INFO - ITERACIÓN iter_0001_of_0002 (1/2)
2025-08-13 19:09:31,882 - batch_20250813_190930_b628f122 - INFO - SN: Ia SN2005hk
2025-08-13 19:09:31,883 - batch_20250813_190930_b628f122 - INFO - z=0.1906, E(B-V)_host=0.118, E(B-V)_MW=0.067
2025-08-13 19:09:31,884 - batch_20250813_190930_b628f122 - INFO - Survey: ZTF, Seed: 42
2025-08-13 19:09:31,885 - batch_20250813_190930_b628f122 - INFO - ------------------------------------------------------------
2025-08-13 19:09:38,855 - batch_20250813_190930_b628f122 - INFO - COMPLETADA ITERACIÓN iter_0001_of_0002 en 6.69s
2025-08-13 19:09:38,855 - batch_20250813_190930_b628f122 - INFO - ============================================================
2025-08-13 19:09:38,855 - batch_20250813_190930_b628f122 - INFO - DEBUG - Run 2: volume_weighted=True, z_sampled=0.125723
2025-08-13 19:09:38,863 - batch_20250813_190930_b628f122 - INFO - ============================================================
2025-08-13 19:09:38,864 - batch_20250813_190930_b628f122 - INFO - ITERACIÓN iter_0002_of_0002 (2/2)
2025-08-13 19:09:38,864 - batch_20250813_190930_b628f122 - INFO - SN: Ia SN1994D
2025-08-13 19:09:38,866 - batch_20250813_190930_b628f122 - INFO - z=0.1257, E(B-V)_host=0.036, E(B-V)_MW=0.150
2025-08-13 19:09:38,867 - batch_20250813_190930_b628f122 - INFO - Survey: ZTF, Seed: 43
2025-08-13 19:09:38,868 - batch_20250813_190930_b628f122 - INFO - ------------------------------------------------------------
2025-08-13 19:09:44,502 - batch_20250813_190930_b628f122 - INFO - COMPLETADA ITERACIÓN iter_0002_of_0002 en 5.48s
2025-08-13 19:09:44,506 - batch_20250813_190930_b628f122 - INFO - ============================================================
2025-08-13 19:09:44,506 - batch_20250813_190930_b628f122 - INFO - PROGRESO INTERMEDIO
2025-08-13 19:09:44,507 - batch_20250813_190930_b628f122 - INFO -    Procesados: 2/2 (100.0%)
2025-08-13 19:09:44,507 - batch_20250813_190930_b628f122 - INFO -    Exitosos: 2 | Fallidos: 0
2025-08-13 19:09:44,507 - batch_20250813_190930_b628f122 - INFO -    Tiempo promedio: 6.08s | ETA: 0.0min
2025-08-13 19:09:44,507 - batch_20250813_190930_b628f122 - INFO - ----------------------------------------
2025-08-13 19:09:44,535 - batch_20250813_190930_b628f122 - INFO - Visualización de configuración omitida (módulo no disponible)
2025-08-13 19:09:44,547 - batch_20250813_190930_b628f122 - INFO - Resultados guardados en: outputs\batch_runs\20250813_190930_b628f122
2025-08-13 19:09:44,547 - batch_20250813_190930_b628f122 - INFO - Metadata: outputs\batch_runs\20250813_190930_b628f122\batch_metadata.json
2025-08-13 19:09:44,548 - batch_20250813_190930_b628f122 - INFO - BATCH COMPLETADO
2025-08-13 19:09:44,548 - batch_20250813_190930_b628f122 - INFO - ================================================================================
2025-08-13 19:09:44,549 - batch_20250813_190930_b628f122 - INFO - RESUMEN FINAL:
2025-08-13 19:09:44,550 - batch_20250813_190930_b628f122 - INFO -    • Runs exitosos: 2
2025-08-13 19:09:44,551 - batch_20250813_190930_b628f122 - INFO -    • Runs fallidos: 0
2025-08-13 19:09:44,551 - batch_20250813_190930_b628f122 - INFO -    • Tasa de éxito: 100.0%
2025-08-13 19:09:44,551 - batch_20250813_190930_b628f122 - INFO -    • Duración total: 0.2 minutes
2025-08-13 19:09:44,551 - batch_20250813_190930_b628f122 - INFO -    • Tiempo promedio por run: 6.08s
2025-08-13 19:09:44,551 - batch_20250813_190930_b628f122 - INFO -    • Resultados guardados en: outputs\batch_runs\20250813_190930_b628f122
2025-08-13 19:09:44,552 - batch_20250813_190930_b628f122 - INFO - ================================================================================
