2025-08-13 18:48:03,570 - batch_20250813_184803_a3cd2848 - INFO - Iniciando Professional Batch Runner
2025-08-13 18:48:03,573 - batch_20250813_184803_a3cd2848 - INFO - Batch ID: 20250813_184803_a3cd2848
2025-08-13 18:48:03,573 - batch_20250813_184803_a3cd2848 - INFO - Directorio: outputs\batch_runs\20250813_184803_a3cd2848
2025-08-13 18:48:03,573 - batch_20250813_184803_a3cd2848 - INFO - INICIANDO BATCH RUN PROFESIONAL
2025-08-13 18:48:03,573 - batch_20250813_184803_a3cd2848 - INFO - ================================================================================
2025-08-13 18:48:03,573 - batch_20250813_184803_a3cd2848 - INFO - Configuración del Batch:
2025-08-13 18:48:03,573 - batch_20250813_184803_a3cd2848 - INFO -    • Número de runs: 10
2025-08-13 18:48:03,579 - batch_20250813_184803_a3cd2848 - INFO -    • Tipos de SN: ['Ia']
2025-08-13 18:48:03,579 - batch_20250813_184803_a3cd2848 - INFO -    • Distribución SN: {'Ia': 1.0}
2025-08-13 18:48:03,579 - batch_20250813_184803_a3cd2848 - INFO -    • Rango redshift: (0.01, 0.5)
2025-08-13 18:48:03,580 - batch_20250813_184803_a3cd2848 - INFO -    • Rango extinción: N/A
2025-08-13 18:48:03,580 - batch_20250813_184803_a3cd2848 - INFO -    • Volume weighted: True
2025-08-13 18:48:03,580 - batch_20250813_184803_a3cd2848 - INFO -    • Surveys: ['ZTF']
2025-08-13 18:48:03,580 - batch_20250813_184803_a3cd2848 - INFO -    • Semilla base: 42
2025-08-13 18:48:03,582 - batch_20250813_184803_a3cd2848 - INFO -    • Batch ID: 20250813_184803_a3cd2848
2025-08-13 18:48:03,582 - batch_20250813_184803_a3cd2848 - INFO - ================================================================================
2025-08-13 18:48:03,584 - batch_20250813_184803_a3cd2848 - INFO - DEBUG - Run 1: volume_weighted=True, z_sampled=0.475850
2025-08-13 18:48:07,393 - batch_20250813_184803_a3cd2848 - INFO - ============================================================
2025-08-13 18:48:07,393 - batch_20250813_184803_a3cd2848 - INFO - ITERACIÓN iter_0001_of_0010 (1/10)
2025-08-13 18:48:07,393 - batch_20250813_184803_a3cd2848 - INFO - SN: Ia SN2005hk
2025-08-13 18:48:07,393 - batch_20250813_184803_a3cd2848 - INFO - z=0.4759, E(B-V)_host=0.118, E(B-V)_MW=0.067
2025-08-13 18:48:07,393 - batch_20250813_184803_a3cd2848 - INFO - Survey: ZTF, Seed: 42
2025-08-13 18:48:07,402 - batch_20250813_184803_a3cd2848 - INFO - ------------------------------------------------------------
2025-08-13 18:48:28,547 - batch_20250813_184803_a3cd2848 - INFO - COMPLETADA ITERACIÓN iter_0001_of_0010 en 21.10s
2025-08-13 18:48:28,549 - batch_20250813_184803_a3cd2848 - INFO - ============================================================
2025-08-13 18:48:28,549 - batch_20250813_184803_a3cd2848 - INFO - DEBUG - Run 2: volume_weighted=True, z_sampled=0.308443
2025-08-13 18:48:29,748 - batch_20250813_184803_a3cd2848 - INFO - ============================================================
2025-08-13 18:48:29,753 - batch_20250813_184803_a3cd2848 - INFO - ITERACIÓN iter_0002_of_0010 (2/10)
2025-08-13 18:48:29,753 - batch_20250813_184803_a3cd2848 - INFO - SN: Ia SN1994D
2025-08-13 18:48:29,756 - batch_20250813_184803_a3cd2848 - INFO - z=0.3084, E(B-V)_host=0.036, E(B-V)_MW=0.150
2025-08-13 18:48:29,756 - batch_20250813_184803_a3cd2848 - INFO - Survey: ZTF, Seed: 43
2025-08-13 18:48:29,756 - batch_20250813_184803_a3cd2848 - INFO - ------------------------------------------------------------
2025-08-13 18:48:36,586 - batch_20250813_184803_a3cd2848 - INFO - COMPLETADA ITERACIÓN iter_0002_of_0010 en 6.77s
2025-08-13 18:48:36,587 - batch_20250813_184803_a3cd2848 - INFO - ============================================================
2025-08-13 18:48:36,587 - batch_20250813_184803_a3cd2848 - INFO - DEBUG - Run 3: volume_weighted=True, z_sampled=0.442094
2025-08-13 18:48:37,610 - batch_20250813_184803_a3cd2848 - INFO - ============================================================
2025-08-13 18:48:37,610 - batch_20250813_184803_a3cd2848 - INFO - ITERACIÓN iter_0003_of_0010 (3/10)
2025-08-13 18:48:37,610 - batch_20250813_184803_a3cd2848 - INFO - SN: Ia SN2007le
2025-08-13 18:48:37,610 - batch_20250813_184803_a3cd2848 - INFO - z=0.4421, E(B-V)_host=0.031, E(B-V)_MW=0.138
2025-08-13 18:48:37,610 - batch_20250813_184803_a3cd2848 - INFO - Survey: ZTF, Seed: 44
2025-08-13 18:48:37,610 - batch_20250813_184803_a3cd2848 - INFO - ------------------------------------------------------------
2025-08-13 18:48:43,604 - batch_20250813_184803_a3cd2848 - INFO - ============================================================
2025-08-13 18:48:44,549 - batch_20250813_184803_a3cd2848 - INFO - ============================================================
2025-08-13 18:48:44,549 - batch_20250813_184803_a3cd2848 - INFO - ITERACIÓN iter_0004_of_0010 (4/10)
2025-08-13 18:48:44,549 - batch_20250813_184803_a3cd2848 - INFO - SN: Ia SN1998dh
2025-08-13 18:48:44,549 - batch_20250813_184803_a3cd2848 - INFO - z=0.2793, E(B-V)_host=0.010, E(B-V)_MW=0.039
2025-08-13 18:48:44,549 - batch_20250813_184803_a3cd2848 - INFO - Survey: ZTF, Seed: 45
2025-08-13 18:48:44,549 - batch_20250813_184803_a3cd2848 - INFO - ------------------------------------------------------------
2025-08-13 18:48:52,019 - batch_20250813_184803_a3cd2848 - INFO - COMPLETADA ITERACIÓN iter_0004_of_0010 en 7.37s
2025-08-13 18:48:52,019 - batch_20250813_184803_a3cd2848 - INFO - ============================================================
2025-08-13 18:48:53,115 - batch_20250813_184803_a3cd2848 - INFO - ============================================================
2025-08-13 18:48:53,115 - batch_20250813_184803_a3cd2848 - INFO - ITERACIÓN iter_0005_of_0010 (5/10)
2025-08-13 18:48:53,115 - batch_20250813_184803_a3cd2848 - INFO - SN: Ia SN2012ht
2025-08-13 18:48:53,115 - batch_20250813_184803_a3cd2848 - INFO - z=0.3211, E(B-V)_host=0.183, E(B-V)_MW=0.064
2025-08-13 18:48:53,115 - batch_20250813_184803_a3cd2848 - INFO - Survey: ZTF, Seed: 46
2025-08-13 18:48:53,115 - batch_20250813_184803_a3cd2848 - INFO - ------------------------------------------------------------
2025-08-13 18:49:00,591 - batch_20250813_184803_a3cd2848 - INFO - COMPLETADA ITERACIÓN iter_0005_of_0010 en 7.37s
2025-08-13 18:49:00,592 - batch_20250813_184803_a3cd2848 - INFO - ============================================================
2025-08-13 18:49:01,745 - batch_20250813_184803_a3cd2848 - INFO - ============================================================
2025-08-13 18:49:01,745 - batch_20250813_184803_a3cd2848 - INFO - ITERACIÓN iter_0006_of_0010 (6/10)
2025-08-13 18:49:01,750 - batch_20250813_184803_a3cd2848 - INFO - SN: Ia SN2012fr
2025-08-13 18:49:01,751 - batch_20250813_184803_a3cd2848 - INFO - z=0.4875, E(B-V)_host=0.056, E(B-V)_MW=1.072
2025-08-13 18:49:01,752 - batch_20250813_184803_a3cd2848 - INFO - Survey: ZTF, Seed: 47
2025-08-13 18:49:01,753 - batch_20250813_184803_a3cd2848 - INFO - ------------------------------------------------------------
2025-08-13 18:49:09,356 - batch_20250813_184803_a3cd2848 - INFO - COMPLETADA ITERACIÓN iter_0006_of_0010 en 7.50s
2025-08-13 18:49:09,356 - batch_20250813_184803_a3cd2848 - INFO - ============================================================
2025-08-13 18:49:10,248 - batch_20250813_184803_a3cd2848 - INFO - ============================================================
2025-08-13 18:49:10,248 - batch_20250813_184803_a3cd2848 - INFO - ITERACIÓN iter_0007_of_0010 (7/10)
2025-08-13 18:49:10,248 - batch_20250813_184803_a3cd2848 - INFO - SN: Ia SN2005hk
2025-08-13 18:49:10,248 - batch_20250813_184803_a3cd2848 - INFO - z=0.4469, E(B-V)_host=0.046, E(B-V)_MW=0.849
2025-08-13 18:49:10,248 - batch_20250813_184803_a3cd2848 - INFO - Survey: ZTF, Seed: 48
2025-08-13 18:49:10,248 - batch_20250813_184803_a3cd2848 - INFO - ------------------------------------------------------------
2025-08-13 18:49:15,980 - batch_20250813_184803_a3cd2848 - INFO - COMPLETADA ITERACIÓN iter_0007_of_0010 en 5.60s
2025-08-13 18:49:15,982 - batch_20250813_184803_a3cd2848 - INFO - ============================================================
2025-08-13 18:49:16,962 - batch_20250813_184803_a3cd2848 - INFO - ============================================================
2025-08-13 18:49:16,963 - batch_20250813_184803_a3cd2848 - INFO - ITERACIÓN iter_0008_of_0010 (8/10)
2025-08-13 18:49:16,963 - batch_20250813_184803_a3cd2848 - INFO - SN: Ia SN1994D
2025-08-13 18:49:16,963 - batch_20250813_184803_a3cd2848 - INFO - z=0.4469, E(B-V)_host=0.108, E(B-V)_MW=0.396
2025-08-13 18:49:16,963 - batch_20250813_184803_a3cd2848 - INFO - Survey: ZTF, Seed: 49
2025-08-13 18:49:16,963 - batch_20250813_184803_a3cd2848 - INFO - ------------------------------------------------------------
2025-08-13 18:49:22,494 - batch_20250813_184803_a3cd2848 - INFO - COMPLETADA ITERACIÓN iter_0008_of_0010 en 5.39s
2025-08-13 18:49:22,498 - batch_20250813_184803_a3cd2848 - INFO - ============================================================
2025-08-13 18:49:23,608 - batch_20250813_184803_a3cd2848 - INFO - ============================================================
2025-08-13 18:49:23,608 - batch_20250813_184803_a3cd2848 - INFO - ITERACIÓN iter_0009_of_0010 (9/10)
2025-08-13 18:49:23,612 - batch_20250813_184803_a3cd2848 - INFO - SN: Ia SN2007af
2025-08-13 18:49:23,612 - batch_20250813_184803_a3cd2848 - INFO - z=0.4983, E(B-V)_host=0.191, E(B-V)_MW=0.030
2025-08-13 18:49:23,614 - batch_20250813_184803_a3cd2848 - INFO - Survey: ZTF, Seed: 50
2025-08-13 18:49:23,614 - batch_20250813_184803_a3cd2848 - INFO - ------------------------------------------------------------
2025-08-13 18:49:29,681 - batch_20250813_184803_a3cd2848 - INFO - COMPLETADA ITERACIÓN iter_0009_of_0010 en 5.93s
2025-08-13 18:49:29,681 - batch_20250813_184803_a3cd2848 - INFO - ============================================================
2025-08-13 18:49:30,668 - batch_20250813_184803_a3cd2848 - INFO - ============================================================
2025-08-13 18:49:30,670 - batch_20250813_184803_a3cd2848 - INFO - ITERACIÓN iter_0010_of_0010 (10/10)
2025-08-13 18:49:30,670 - batch_20250813_184803_a3cd2848 - INFO - SN: Ia SN2011fe
2025-08-13 18:49:30,670 - batch_20250813_184803_a3cd2848 - INFO - z=0.3256, E(B-V)_host=0.385, E(B-V)_MW=0.331
2025-08-13 18:49:30,670 - batch_20250813_184803_a3cd2848 - INFO - Survey: ZTF, Seed: 51
2025-08-13 18:49:30,670 - batch_20250813_184803_a3cd2848 - INFO - ------------------------------------------------------------
2025-08-13 18:49:39,402 - batch_20250813_184803_a3cd2848 - INFO - ============================================================
2025-08-13 18:49:39,417 - batch_20250813_184803_a3cd2848 - INFO - PROGRESO INTERMEDIO
2025-08-13 18:49:39,418 - batch_20250813_184803_a3cd2848 - INFO -    Procesados: 10/10 (100.0%)
2025-08-13 18:49:39,418 - batch_20250813_184803_a3cd2848 - INFO -    Exitosos: 8 | Fallidos: 2
2025-08-13 18:49:39,419 - batch_20250813_184803_a3cd2848 - INFO -    Tiempo promedio: 8.38s | ETA: 0.0min
2025-08-13 18:49:39,419 - batch_20250813_184803_a3cd2848 - INFO - ----------------------------------------
2025-08-13 18:49:39,541 - batch_20250813_184803_a3cd2848 - WARNING - No se pudo generar visualización de configuración: 'SimpleConfig' object has no attribute 'get'
2025-08-13 18:49:39,563 - batch_20250813_184803_a3cd2848 - INFO - Resultados guardados en: outputs\batch_runs\20250813_184803_a3cd2848
2025-08-13 18:49:39,565 - batch_20250813_184803_a3cd2848 - INFO - Metadata: outputs\batch_runs\20250813_184803_a3cd2848\batch_metadata.json
2025-08-13 18:49:39,566 - batch_20250813_184803_a3cd2848 - INFO - BATCH COMPLETADO
2025-08-13 18:49:39,566 - batch_20250813_184803_a3cd2848 - INFO - ================================================================================
2025-08-13 18:49:39,566 - batch_20250813_184803_a3cd2848 - INFO - RESUMEN FINAL:
2025-08-13 18:49:39,566 - batch_20250813_184803_a3cd2848 - INFO -    • Runs exitosos: 8
2025-08-13 18:49:39,566 - batch_20250813_184803_a3cd2848 - INFO -    • Runs fallidos: 2
2025-08-13 18:49:39,570 - batch_20250813_184803_a3cd2848 - INFO -    • Tasa de éxito: 80.0%
2025-08-13 18:49:39,570 - batch_20250813_184803_a3cd2848 - INFO -    • Duración total: 1.6 minutes
2025-08-13 18:49:39,570 - batch_20250813_184803_a3cd2848 - INFO -    • Tiempo promedio por run: 8.38s
2025-08-13 18:49:39,572 - batch_20250813_184803_a3cd2848 - INFO -    • Resultados guardados en: outputs\batch_runs\20250813_184803_a3cd2848
2025-08-13 18:49:39,573 - batch_20250813_184803_a3cd2848 - INFO - ================================================================================
